<?xml version="1.0" encoding="UTF-8"?>
<testsuite xmlns:xsi="http://www.w3.org/2001/XMLSchema-instance" xsi:noNamespaceSchemaLocation="https://maven.apache.org/surefire/maven-surefire-plugin/xsd/surefire-test-report.xsd" name="Main.AppTest" time="0.016" tests="1" errors="0" skipped="0" failures="0">
  <properties>
    <property name="awt.toolkit" value="sun.awt.X11.XToolkit"/>
    <property name="file.encoding.pkg" value="sun.io"/>
    <property name="java.specification.version" value="1.8"/>
    <property name="sun.cpu.isalist" value=""/>
    <property name="sun.jnu.encoding" value="UTF-8"/>
    <property name="java.class.path" value="/home/leo/Docs/School/Tpsit/ThreadCoopNoSync/target/test-classes:/home/leo/Docs/School/Tpsit/ThreadCoopNoSync/target/classes:/home/leo/.m2/repository/junit/junit/4.11/junit-4.11.jar:/home/leo/.m2/repository/org/hamcrest/hamcrest-core/1.3/hamcrest-core-1.3.jar:"/>
    <property name="java.vm.vendor" value="AdoptOpenJDK"/>
    <property name="sun.arch.data.model" value="64"/>
    <property name="java.vendor.url" value="https://adoptopenjdk.net/"/>
    <property name="user.timezone" value=""/>
    <property name="user.country.format" value="IT"/>
    <property name="java.vm.specification.version" value="1.8"/>
    <property name="os.name" value="Linux"/>
    <property name="user.country" value="GB"/>
    <property name="sun.java.launcher" value="SUN_STANDARD"/>
    <property name="sun.boot.library.path" value="/opt/openjdk-bin-8.282_p08/jre/lib/amd64"/>
    <property name="sun.java.command" value="/home/leo/Docs/School/Tpsit/ThreadCoopNoSync/target/surefire/surefirebooter1012535635737531538.jar /home/leo/Docs/School/Tpsit/ThreadCoopNoSync/target/surefire 2021-05-08T16-09-46_755-jvmRun1 surefire6992887186404721506tmp surefire_02875353208075064828tmp"/>
    <property name="surefire.test.class.path" value="/home/leo/Docs/School/Tpsit/ThreadCoopNoSync/target/test-classes:/home/leo/Docs/School/Tpsit/ThreadCoopNoSync/target/classes:/home/leo/.m2/repository/junit/junit/4.11/junit-4.11.jar:/home/leo/.m2/repository/org/hamcrest/hamcrest-core/1.3/hamcrest-core-1.3.jar:"/>
    <property name="sun.cpu.endian" value="little"/>
    <property name="user.home" value="/home/leo"/>
    <property name="user.language" value="en"/>
    <property name="java.specification.vendor" value="Oracle Corporation"/>
    <property name="java.home" value="/opt/openjdk-bin-8.282_p08/jre"/>
    <property name="basedir" value="/home/leo/Docs/School/Tpsit/ThreadCoopNoSync"/>
    <property name="file.separator" value="/"/>
    <property name="line.separator" value="&#10;"/>
    <property name="java.vm.specification.vendor" value="Oracle Corporation"/>
    <property name="java.specification.name" value="Java Platform API Specification"/>
    <property name="java.awt.graphicsenv" value="sun.awt.X11GraphicsEnvironment"/>
    <property name="surefire.real.class.path" value="/home/leo/Docs/School/Tpsit/ThreadCoopNoSync/target/surefire/surefirebooter1012535635737531538.jar"/>
    <property name="sun.boot.class.path" value="/opt/openjdk-bin-8.282_p08/jre/lib/resources.jar:/opt/openjdk-bin-8.282_p08/jre/lib/rt.jar:/opt/openjdk-bin-8.282_p08/jre/lib/sunrsasign.jar:/opt/openjdk-bin-8.282_p08/jre/lib/jsse.jar:/opt/openjdk-bin-8.282_p08/jre/lib/jce.jar:/opt/openjdk-bin-8.282_p08/jre/lib/charsets.jar:/opt/openjdk-bin-8.282_p08/jre/lib/jfr.jar:/opt/openjdk-bin-8.282_p08/jre/classes"/>
    <property name="sun.management.compiler" value="HotSpot 64-Bit Tiered Compilers"/>
    <property name="java.runtime.version" value="1.8.0_282-b08"/>
    <property name="user.name" value="leo"/>
    <property name="path.separator" value=":"/>
    <property name="os.version" value="5.11.11-gentoo-x86_64"/>
    <property name="java.endorsed.dirs" value="/opt/openjdk-bin-8.282_p08/jre/lib/endorsed"/>
    <property name="java.runtime.name" value="OpenJDK Runtime Environment"/>
    <property name="file.encoding" value="UTF-8"/>
    <property name="java.vm.name" value="OpenJDK 64-Bit Server VM"/>
    <property name="localRepository" value="/home/leo/.m2/repository"/>
    <property name="java.vendor.url.bug" value="https://github.com/AdoptOpenJDK/openjdk-support/issues"/>
    <property name="java.io.tmpdir" value="/tmp"/>
    <property name="java.version" value="1.8.0_282"/>
    <property name="user.dir" value="/home/leo/Docs/School/Tpsit/ThreadCoopNoSync"/>
    <property name="os.arch" value="amd64"/>
    <property name="java.vm.specification.name" value="Java Virtual Machine Specification"/>
    <property name="java.awt.printerjob" value="sun.print.PSPrinterJob"/>
    <property name="user.language.format" value="it"/>
    <property name="sun.os.patch.level" value="unknown"/>
    <property name="java.library.path" value="/usr/java/packages/lib/amd64:/usr/lib64:/lib64:/lib:/usr/lib"/>
    <property name="java.vm.info" value="mixed mode"/>
    <property name="java.vendor" value="AdoptOpenJDK"/>
    <property name="java.vm.version" value="25.282-b08"/>
    <property name="java.ext.dirs" value="/opt/openjdk-bin-8.282_p08/jre/lib/ext:/usr/java/packages/lib/ext"/>
    <property name="sun.io.unicode.encoding" value="UnicodeLittle"/>
    <property name="java.class.version" value="52.0"/>
  </properties>
  <testcase name="shouldAnswerWithTrue" classname="Main.AppTest" time="0.001"/>
</testsuite>