<?xml version="1.0" encoding="UTF-8"?>
<testsuite xmlns:xsi="http://www.w3.org/2001/XMLSchema-instance" xsi:noNamespaceSchemaLocation="https://maven.apache.org/surefire/maven-surefire-plugin/xsd/surefire-test-report.xsd" name="Main.AppTest" time="0.024" tests="1" errors="0" skipped="0" failures="0">
  <properties>
    <property name="awt.toolkit" value="sun.awt.X11.XToolkit"/>
    <property name="java.specification.version" value="11"/>
    <property name="sun.cpu.isalist" value=""/>
    <property name="sun.jnu.encoding" value="ANSI_X3.4-1968"/>
    <property name="java.class.path" value="/home/leo/Docs/School/Tpsit/ThreadLettura/target/test-classes:/home/leo/Docs/School/Tpsit/ThreadLettura/target/classes:/home/leo/.m2/repository/junit/junit/4.11/junit-4.11.jar:/home/leo/.m2/repository/org/hamcrest/hamcrest-core/1.3/hamcrest-core-1.3.jar:"/>
    <property name="java.vm.vendor" value="Void"/>
    <property name="sun.arch.data.model" value="64"/>
    <property name="java.vendor.url" value="https://voidlinux.org/"/>
    <property name="user.timezone" value=""/>
    <property name="java.vm.specification.version" value="11"/>
    <property name="os.name" value="Linux"/>
    <property name="sun.java.launcher" value="SUN_STANDARD"/>
    <property name="user.country" value="US"/>
    <property name="sun.boot.library.path" value="/usr/lib/jvm/openjdk11/lib"/>
    <property name="sun.java.command" value="/home/leo/Docs/School/Tpsit/ThreadLettura/target/surefire/surefirebooter531172876619686568.jar /home/leo/Docs/School/Tpsit/ThreadLettura/target/surefire 2021-05-11T12-46-56_775-jvmRun1 surefire11590030352348219071tmp surefire_02994964752564998414tmp"/>
    <property name="jdk.debug" value="release"/>
    <property name="surefire.test.class.path" value="/home/leo/Docs/School/Tpsit/ThreadLettura/target/test-classes:/home/leo/Docs/School/Tpsit/ThreadLettura/target/classes:/home/leo/.m2/repository/junit/junit/4.11/junit-4.11.jar:/home/leo/.m2/repository/org/hamcrest/hamcrest-core/1.3/hamcrest-core-1.3.jar:"/>
    <property name="sun.cpu.endian" value="little"/>
    <property name="user.home" value="/home/leo"/>
    <property name="user.language" value="en"/>
    <property name="java.specification.vendor" value="Oracle Corporation"/>
    <property name="java.version.date" value="2020-10-20"/>
    <property name="java.home" value="/usr/lib/jvm/openjdk11"/>
    <property name="file.separator" value="/"/>
    <property name="basedir" value="/home/leo/Docs/School/Tpsit/ThreadLettura"/>
    <property name="java.vm.compressedOopsMode" value="Zero based"/>
    <property name="line.separator" value="&#10;"/>
    <property name="java.specification.name" value="Java Platform API Specification"/>
    <property name="java.vm.specification.vendor" value="Oracle Corporation"/>
    <property name="java.awt.graphicsenv" value="sun.awt.X11GraphicsEnvironment"/>
    <property name="surefire.real.class.path" value="/home/leo/Docs/School/Tpsit/ThreadLettura/target/surefire/surefirebooter531172876619686568.jar"/>
    <property name="sun.management.compiler" value="HotSpot 64-Bit Tiered Compilers"/>
    <property name="java.runtime.version" value="11.0.9-internal+11-adhoc..jdk11u-jdk-11.0.94"/>
    <property name="user.name" value="leo"/>
    <property name="path.separator" value=":"/>
    <property name="os.version" value="5.11.18_1"/>
    <property name="java.runtime.name" value="OpenJDK Runtime Environment"/>
    <property name="file.encoding" value="ANSI_X3.4-1968"/>
    <property name="java.vm.name" value="OpenJDK 64-Bit Server VM"/>
    <property name="localRepository" value="/home/leo/.m2/repository"/>
    <property name="java.vendor.url.bug" value="https://github.com/void-linux/void-packages/issues"/>
    <property name="java.io.tmpdir" value="/tmp"/>
    <property name="java.version" value="11.0.9-internal"/>
    <property name="user.dir" value="/home/leo/Docs/School/Tpsit/ThreadLettura"/>
    <property name="os.arch" value="amd64"/>
    <property name="java.vm.specification.name" value="Java Virtual Machine Specification"/>
    <property name="java.awt.printerjob" value="sun.print.PSPrinterJob"/>
    <property name="sun.os.patch.level" value="unknown"/>
    <property name="java.library.path" value="/usr/java/packages/lib:/usr/lib64:/lib64:/lib:/usr/lib"/>
    <property name="java.vm.info" value="mixed mode"/>
    <property name="java.vendor" value="Void"/>
    <property name="java.vm.version" value="11.0.9-internal+11-adhoc..jdk11u-jdk-11.0.94"/>
    <property name="sun.io.unicode.encoding" value="UnicodeLittle"/>
    <property name="java.class.version" value="55.0"/>
  </properties>
  <testcase name="shouldAnswerWithTrue" classname="Main.AppTest" time="0.001"/>
</testsuite>